[
 {
  "Plan": {
   "Node Type": "Gather",
   "Parallel Aware": false,
   "Startup Cost": 119121.54,
   "Total Cost": 278817.73,
   "Plan Rows": 108,
   "Plan Width": 109,
   "Actual Startup Time": 404.153,
   "Actual Total Time": 1343.33,
   "Actual Rows": 2302,
   "Actual Loops": 1,
   "Output": [
    "m.id",
    "m.name",
    "m.birthyear",
    "m.deathyear",
    "ta.titleid",
    "ta.actorid",
    "t.id",
    "t.type",
    "t.title",
    "t.originaltitle",
    "t.startyear",
    "t.endyear",
    "t.runtime",
    "t.avgratings",
    "t.numvotes"
   ],
   "Workers Planned": 2,
   "Workers Launched": 2,
   "Single Copy": false,
   "Shared Hit Blocks": 94649,
   "Shared Read Blocks": 157781,
   "Shared Dirtied Blocks": 0,
   "Shared Written Blocks": 0,
   "Local Hit Blocks": 0,
   "Local Read Blocks": 0,
   "Local Dirtied Blocks": 0,
   "Local Written Blocks": 0,
   "Temp Read Blocks": 0,
   "Temp Written Blocks": 0,
   "Plans": [
    {
     "Node Type": "Nested Loop",
     "Parent Relationship": "Outer",
     "Parallel Aware": false,
     "Join Type": "Inner",
     "Startup Cost": 118121.54,
     "Total Cost": 277806.93,
     "Plan Rows": 45,
     "Plan Width": 109,
     "Actual Startup Time": 385.565,
     "Actual Total Time": 1305.512,
     "Actual Rows": 767,
     "Actual Loops": 3,
     "Output": [
      "m.id",
      "m.name",
      "m.birthyear",
      "m.deathyear",
      "ta.titleid",
      "ta.actorid",
      "t.id",
      "t.type",
      "t.title",
      "t.originaltitle",
      "t.startyear",
      "t.endyear",
      "t.runtime",
      "t.avgratings",
      "t.numvotes"
     ],
     "Inner Unique": true,
     "Shared Hit Blocks": 94649,
     "Shared Read Blocks": 157781,
     "Shared Dirtied Blocks": 0,
     "Shared Written Blocks": 0,
     "Local Hit Blocks": 0,
     "Local Read Blocks": 0,
     "Local Dirtied Blocks": 0,
     "Local Written Blocks": 0,
     "Temp Read Blocks": 0,
     "Temp Written Blocks": 0,
     "Workers": [
      {
       "Worker Number": 0,
       "Actual Startup Time": 377.246,
       "Actual Total Time": 1296.54,
       "Actual Rows": 762,
       "Actual Loops": 1,
       "Shared Hit Blocks": 31851,
       "Shared Read Blocks": 51685,
       "Shared Dirtied Blocks": 0,
       "Shared Written Blocks": 0,
       "Local Hit Blocks": 0,
       "Local Read Blocks": 0,
       "Local Dirtied Blocks": 0,
       "Local Written Blocks": 0,
       "Temp Read Blocks": 0,
       "Temp Written Blocks": 0
      },
      {
       "Worker Number": 1,
       "Actual Startup Time": 376.016,
       "Actual Total Time": 1295.69,
       "Actual Rows": 756,
       "Actual Loops": 1,
       "Shared Hit Blocks": 30389,
       "Shared Read Blocks": 51774,
       "Shared Dirtied Blocks": 0,
       "Shared Written Blocks": 0,
       "Local Hit Blocks": 0,
       "Local Read Blocks": 0,
       "Local Dirtied Blocks": 0,
       "Local Written Blocks": 0,
       "Temp Read Blocks": 0,
       "Temp Written Blocks": 0
      }
     ],
     "Plans": [
      {
       "Node Type": "Hash Join",
       "Parent Relationship": "Outer",
       "Parallel Aware": true,
       "Join Type": "Inner",
       "Startup Cost": 118121.11,
       "Total Cost": 277477.39,
       "Plan Rows": 674,
       "Plan Width": 34,
       "Actual Startup Time": 385.039,
       "Actual Total Time": 1215.957,
       "Actual Rows": 9606,
       "Actual Loops": 3,
       "Output": [
        "m.id",
        "m.name",
        "m.birthyear",
        "m.deathyear",
        "ta.titleid",
        "ta.actorid"
       ],
       "Inner Unique": true,
       "Hash Cond": "(ta.actorid = m.id)",
       "Shared Hit Blocks": 8324,
       "Shared Read Blocks": 128832,
       "Shared Dirtied Blocks": 0,
       "Shared Written Blocks": 0,
       "Local Hit Blocks": 0,
       "Local Read Blocks": 0,
       "Local Dirtied Blocks": 0,
       "Local Written Blocks": 0,
       "Temp Read Blocks": 0,
       "Temp Written Blocks": 0,
       "Workers": [
        {
         "Worker Number": 0,
         "Actual Startup Time": 376.319,
         "Actual Total Time": 1200.461,
         "Actual Rows": 9720,
         "Actual Loops": 1,
         "Shared Hit Blocks": 2536,
         "Shared Read Blocks": 42119,
         "Shared Dirtied Blocks": 0,
         "Shared Written Blocks": 0,
         "Local Hit Blocks": 0,
         "Local Read Blocks": 0,
         "Local Dirtied Blocks": 0,
         "Local Written Blocks": 0,
         "Temp Read Blocks": 0,
         "Temp Written Blocks": 0
        },
        {
         "Worker Number": 1,
         "Actual Startup Time": 375.398,
         "Actual Total Time": 1200.574,
         "Actual Rows": 9395,
         "Actual Loops": 1,
         "Shared Hit Blocks": 2509,
         "Shared Read Blocks": 42073,
         "Shared Dirtied Blocks": 0,
         "Shared Written Blocks": 0,
         "Local Hit Blocks": 0,
         "Local Read Blocks": 0,
         "Local Dirtied Blocks": 0,
         "Local Written Blocks": 0,
         "Temp Read Blocks": 0,
         "Temp Written Blocks": 0
        }
       ],
       "Plans": [
        {
         "Node Type": "Seq Scan",
         "Parent Relationship": "Outer",
         "Parallel Aware": true,
         "Relation Name": "title_actor",
         "Schema": "public",
         "Alias": "ta",
         "Startup Cost": 0.0,
         "Total Cost": 141360.25,
         "Plan Rows": 6855625,
         "Plan Width": 8,
         "Actual Startup Time": 0.301,
         "Actual Total Time": 351.708,
         "Actual Rows": 5484500,
         "Actual Loops": 3,
         "Output": [
          "ta.titleid",
          "ta.actorid"
         ],
         "Shared Hit Blocks": 2,
         "Shared Read Blocks": 72802,
         "Shared Dirtied Blocks": 0,
         "Shared Written Blocks": 0,
         "Local Hit Blocks": 0,
         "Local Read Blocks": 0,
         "Local Dirtied Blocks": 0,
         "Local Written Blocks": 0,
         "Temp Read Blocks": 0,
         "Temp Written Blocks": 0,
         "Workers": [
          {
           "Worker Number": 0,
           "Actual Startup Time": 0.348,
           "Actual Total Time": 346.139,
           "Actual Rows": 5473517,
           "Actual Loops": 1,
           "Shared Hit Blocks": 2,
           "Shared Read Blocks": 24218,
           "Shared Dirtied Blocks": 0,
           "Shared Written Blocks": 0,
           "Local Hit Blocks": 0,
           "Local Read Blocks": 0,
           "Local Dirtied Blocks": 0,
           "Local Written Blocks": 0,
           "Temp Read Blocks": 0,
           "Temp Written Blocks": 0
          },
          {
           "Worker Number": 1,
           "Actual Startup Time": 0.543,
           "Actual Total Time": 346.624,
           "Actual Rows": 5467392,
           "Actual Loops": 1,
           "Shared Hit Blocks": 0,
           "Shared Read Blocks": 24192,
           "Shared Dirtied Blocks": 0,
           "Shared Written Blocks": 0,
           "Local Hit Blocks": 0,
           "Local Read Blocks": 0,
           "Local Dirtied Blocks": 0,
           "Local Written Blocks": 0,
           "Temp Read Blocks": 0,
           "Temp Written Blocks": 0
          }
         ]
        },
        {
         "Node Type": "Hash",
         "Parent Relationship": "Inner",
         "Parallel Aware": true,
         "Startup Cost": 118115.82,
         "Total Cost": 118115.82,
         "Plan Rows": 423,
         "Plan Width": 26,
         "Actual Startup Time": 384.503,
         "Actual Total Time": 384.504,
         "Actual Rows": 10631,
         "Actual Loops": 3,
         "Output": [
          "m.id",
          "m.name",
          "m.birthyear",
          "m.deathyear"
         ],
         "Hash Buckets": 32768,
         "Original Hash Buckets": 1024,
         "Hash Batches": 1,
         "Original Hash Batches": 1,
         "Peak Memory Usage": 2232,
         "Shared Hit Blocks": 8238,
         "Shared Read Blocks": 56030,
         "Shared Dirtied Blocks": 0,
         "Shared Written Blocks": 0,
         "Local Hit Blocks": 0,
         "Local Read Blocks": 0,
         "Local Dirtied Blocks": 0,
         "Local Written Blocks": 0,
         "Temp Read Blocks": 0,
         "Temp Written Blocks": 0,
         "Workers": [
          {
           "Worker Number": 0,
           "Actual Startup Time": 375.519,
           "Actual Total Time": 375.519,
           "Actual Rows": 9971,
           "Actual Loops": 1,
           "Shared Hit Blocks": 2492,
           "Shared Read Blocks": 17901,
           "Shared Dirtied Blocks": 0,
           "Shared Written Blocks": 0,
           "Local Hit Blocks": 0,
           "Local Read Blocks": 0,
           "Local Dirtied Blocks": 0,
           "Local Written Blocks": 0,
           "Temp Read Blocks": 0,
           "Temp Written Blocks": 0
          },
          {
           "Worker Number": 1,
           "Actual Startup Time": 374.699,
           "Actual Total Time": 374.699,
           "Actual Rows": 10035,
           "Actual Loops": 1,
           "Shared Hit Blocks": 2467,
           "Shared Read Blocks": 17881,
           "Shared Dirtied Blocks": 0,
           "Shared Written Blocks": 0,
           "Local Hit Blocks": 0,
           "Local Read Blocks": 0,
           "Local Dirtied Blocks": 0,
           "Local Written Blocks": 0,
           "Temp Read Blocks": 0,
           "Temp Written Blocks": 0
          }
         ],
         "Plans": [
          {
           "Node Type": "Seq Scan",
           "Parent Relationship": "Outer",
           "Parallel Aware": true,
           "Relation Name": "member",
           "Schema": "public",
           "Alias": "m",
           "Startup Cost": 0.0,
           "Total Cost": 118115.82,
           "Plan Rows": 423,
           "Plan Width": 26,
           "Actual Startup Time": 0.266,
           "Actual Total Time": 355.261,
           "Actual Rows": 10631,
           "Actual Loops": 3,
           "Output": [
            "m.id",
            "m.name",
            "m.birthyear",
            "m.deathyear"
           ],
           "Filter": "((m.deathyear IS NULL) AND ((m.name)::text ~~ 'Phi%'::text))",
           "Rows Removed by Filter": 3435629,
           "Shared Hit Blocks": 8238,
           "Shared Read Blocks": 56030,
           "Shared Dirtied Blocks": 0,
           "Shared Written Blocks": 0,
           "Local Hit Blocks": 0,
           "Local Read Blocks": 0,
           "Local Dirtied Blocks": 0,
           "Local Written Blocks": 0,
           "Temp Read Blocks": 0,
           "Temp Written Blocks": 0,
           "Workers": [
            {
             "Worker Number": 0,
             "Actual Startup Time": 0.285,
             "Actual Total Time": 342.547,
             "Actual Rows": 9971,
             "Actual Loops": 1,
             "Shared Hit Blocks": 2492,
             "Shared Read Blocks": 17901,
             "Shared Dirtied Blocks": 0,
             "Shared Written Blocks": 0,
             "Local Hit Blocks": 0,
             "Local Read Blocks": 0,
             "Local Dirtied Blocks": 0,
             "Local Written Blocks": 0,
             "Temp Read Blocks": 0,
             "Temp Written Blocks": 0
            },
            {
             "Worker Number": 1,
             "Actual Startup Time": 0.398,
             "Actual Total Time": 344.106,
             "Actual Rows": 10035,
             "Actual Loops": 1,
             "Shared Hit Blocks": 2467,
             "Shared Read Blocks": 17881,
             "Shared Dirtied Blocks": 0,
             "Shared Written Blocks": 0,
             "Local Hit Blocks": 0,
             "Local Read Blocks": 0,
             "Local Dirtied Blocks": 0,
             "Local Written Blocks": 0,
             "Temp Read Blocks": 0,
             "Temp Written Blocks": 0
            }
           ]
          }
         ]
        }
       ]
      },
      {
       "Node Type": "Index Scan",
       "Parent Relationship": "Inner",
       "Parallel Aware": false,
       "Scan Direction": "Forward",
       "Index Name": "title_pkey",
       "Relation Name": "title",
       "Schema": "public",
       "Alias": "t",
       "Startup Cost": 0.43,
       "Total Cost": 0.49,
       "Plan Rows": 1,
       "Plan Width": 75,
       "Actual Startup Time": 0.009,
       "Actual Total Time": 0.009,
       "Actual Rows": 0,
       "Actual Loops": 28818,
       "Output": [
        "t.id",
        "t.type",
        "t.title",
        "t.originaltitle",
        "t.startyear",
        "t.endyear",
        "t.runtime",
        "t.avgratings",
        "t.numvotes"
       ],
       "Index Cond": "(t.id = ta.titleid)",
       "Rows Removed by Index Recheck": 0,
       "Filter": "(((t.type)::text = 'movie'::text) AND ((t.startyear <> 2014) OR (t.endyear <> 2014)))",
       "Rows Removed by Filter": 1,
       "Shared Hit Blocks": 86325,
       "Shared Read Blocks": 28949,
       "Shared Dirtied Blocks": 0,
       "Shared Written Blocks": 0,
       "Local Hit Blocks": 0,
       "Local Read Blocks": 0,
       "Local Dirtied Blocks": 0,
       "Local Written Blocks": 0,
       "Temp Read Blocks": 0,
       "Temp Written Blocks": 0,
       "Workers": [
        {
         "Worker Number": 0,
         "Actual Startup Time": 0.01,
         "Actual Total Time": 0.01,
         "Actual Rows": 0,
         "Actual Loops": 9720,
         "Shared Hit Blocks": 29315,
         "Shared Read Blocks": 9566,
         "Shared Dirtied Blocks": 0,
         "Shared Written Blocks": 0,
         "Local Hit Blocks": 0,
         "Local Read Blocks": 0,
         "Local Dirtied Blocks": 0,
         "Local Written Blocks": 0,
         "Temp Read Blocks": 0,
         "Temp Written Blocks": 0
        },
        {
         "Worker Number": 1,
         "Actual Startup Time": 0.01,
         "Actual Total Time": 0.01,
         "Actual Rows": 0,
         "Actual Loops": 9395,
         "Shared Hit Blocks": 27880,
         "Shared Read Blocks": 9701,
         "Shared Dirtied Blocks": 0,
         "Shared Written Blocks": 0,
         "Local Hit Blocks": 0,
         "Local Read Blocks": 0,
         "Local Dirtied Blocks": 0,
         "Local Written Blocks": 0,
         "Temp Read Blocks": 0,
         "Temp Written Blocks": 0
        }
       ]
      }
     ]
    }
   ]
  },
  "Planning Time": 0.449,
  "Triggers": [],
  "Execution Time": 1343.488
 }
]