[
 {
  "Plan": {
   "Node Type": "Sort",
   "Parallel Aware": false,
   "Startup Cost": 143666.16,
   "Total Cost": 143666.16,
   "Plan Rows": 1,
   "Plan Width": 22,
   "Actual Startup Time": 592.363,
   "Actual Total Time": 607.986,
   "Actual Rows": 5,
   "Actual Loops": 1,
   "Output": [
    "m.name",
    "(count(*))"
   ],
   "Sort Key": [
    "(count(*)) DESC"
   ],
   "Sort Method": "quicksort",
   "Sort Space Used": 25,
   "Sort Space Type": "Memory",
   "Shared Hit Blocks": 14912,
   "Shared Read Blocks": 78785,
   "Shared Dirtied Blocks": 0,
   "Shared Written Blocks": 0,
   "Local Hit Blocks": 0,
   "Local Read Blocks": 0,
   "Local Dirtied Blocks": 0,
   "Local Written Blocks": 0,
   "Temp Read Blocks": 0,
   "Temp Written Blocks": 0,
   "Plans": [
    {
     "Node Type": "Aggregate",
     "Strategy": "Sorted",
     "Partial Mode": "Simple",
     "Parent Relationship": "Outer",
     "Parallel Aware": false,
     "Startup Cost": 143666.13,
     "Total Cost": 143666.15,
     "Plan Rows": 1,
     "Plan Width": 22,
     "Actual Startup Time": 592.34,
     "Actual Total Time": 607.979,
     "Actual Rows": 5,
     "Actual Loops": 1,
     "Output": [
      "m.name",
      "count(*)"
     ],
     "Group Key": [
      "m.name"
     ],
     "Shared Hit Blocks": 14912,
     "Shared Read Blocks": 78785,
     "Shared Dirtied Blocks": 0,
     "Shared Written Blocks": 0,
     "Local Hit Blocks": 0,
     "Local Read Blocks": 0,
     "Local Dirtied Blocks": 0,
     "Local Written Blocks": 0,
     "Temp Read Blocks": 0,
     "Temp Written Blocks": 0,
     "Plans": [
      {
       "Node Type": "Sort",
       "Parent Relationship": "Outer",
       "Parallel Aware": false,
       "Startup Cost": 143666.13,
       "Total Cost": 143666.13,
       "Plan Rows": 1,
       "Plan Width": 14,
       "Actual Startup Time": 592.335,
       "Actual Total Time": 607.961,
       "Actual Rows": 176,
       "Actual Loops": 1,
       "Output": [
        "m.name"
       ],
       "Sort Key": [
        "m.name"
       ],
       "Sort Method": "quicksort",
       "Sort Space Used": 35,
       "Sort Space Type": "Memory",
       "Shared Hit Blocks": 14912,
       "Shared Read Blocks": 78785,
       "Shared Dirtied Blocks": 0,
       "Shared Written Blocks": 0,
       "Local Hit Blocks": 0,
       "Local Read Blocks": 0,
       "Local Dirtied Blocks": 0,
       "Local Written Blocks": 0,
       "Temp Read Blocks": 0,
       "Temp Written Blocks": 0,
       "Plans": [
        {
         "Node Type": "Gather",
         "Parent Relationship": "Outer",
         "Parallel Aware": false,
         "Startup Cost": 119122.22,
         "Total Cost": 143666.12,
         "Plan Rows": 1,
         "Plan Width": 14,
         "Actual Startup Time": 543.957,
         "Actual Total Time": 607.902,
         "Actual Rows": 176,
         "Actual Loops": 1,
         "Output": [
          "m.name"
         ],
         "Workers Planned": 2,
         "Workers Launched": 2,
         "Single Copy": false,
         "Shared Hit Blocks": 14912,
         "Shared Read Blocks": 78785,
         "Shared Dirtied Blocks": 0,
         "Shared Written Blocks": 0,
         "Local Hit Blocks": 0,
         "Local Read Blocks": 0,
         "Local Dirtied Blocks": 0,
         "Local Written Blocks": 0,
         "Temp Read Blocks": 0,
         "Temp Written Blocks": 0,
         "Plans": [
          {
           "Node Type": "Nested Loop",
           "Parent Relationship": "Outer",
           "Parallel Aware": false,
           "Join Type": "Inner",
           "Startup Cost": 118122.22,
           "Total Cost": 142666.02,
           "Plan Rows": 1,
           "Plan Width": 14,
           "Actual Startup Time": 521.205,
           "Actual Total Time": 570.421,
           "Actual Rows": 59,
           "Actual Loops": 3,
           "Output": [
            "m.name"
           ],
           "Inner Unique": true,
           "Shared Hit Blocks": 14912,
           "Shared Read Blocks": 78785,
           "Shared Dirtied Blocks": 0,
           "Shared Written Blocks": 0,
           "Local Hit Blocks": 0,
           "Local Read Blocks": 0,
           "Local Dirtied Blocks": 0,
           "Local Written Blocks": 0,
           "Temp Read Blocks": 0,
           "Temp Written Blocks": 0,
           "Workers": [
            {
             "Worker Number": 0,
             "Actual Startup Time": 509.054,
             "Actual Total Time": 559.933,
             "Actual Rows": 59,
             "Actual Loops": 1,
             "Shared Hit Blocks": 4924,
             "Shared Read Blocks": 27782,
             "Shared Dirtied Blocks": 0,
             "Shared Written Blocks": 0,
             "Local Hit Blocks": 0,
             "Local Read Blocks": 0,
             "Local Dirtied Blocks": 0,
             "Local Written Blocks": 0,
             "Temp Read Blocks": 0,
             "Temp Written Blocks": 0
            },
            {
             "Worker Number": 1,
             "Actual Startup Time": 511.09,
             "Actual Total Time": 559.902,
             "Actual Rows": 56,
             "Actual Loops": 1,
             "Shared Hit Blocks": 4896,
             "Shared Read Blocks": 25194,
             "Shared Dirtied Blocks": 0,
             "Shared Written Blocks": 0,
             "Local Hit Blocks": 0,
             "Local Read Blocks": 0,
             "Local Dirtied Blocks": 0,
             "Local Written Blocks": 0,
             "Temp Read Blocks": 0,
             "Temp Written Blocks": 0
            }
           ],
           "Plans": [
            {
             "Node Type": "Nested Loop",
             "Parent Relationship": "Outer",
             "Parallel Aware": false,
             "Join Type": "Inner",
             "Startup Cost": 118122.08,
             "Total Cost": 142664.74,
             "Plan Rows": 8,
             "Plan Width": 18,
             "Actual Startup Time": 492.593,
             "Actual Total Time": 570.14,
             "Actual Rows": 126,
             "Actual Loops": 3,
             "Output": [
              "m.name",
              "tg.genreid"
             ],
             "Inner Unique": false,
             "Shared Hit Blocks": 14157,
             "Shared Read Blocks": 78782,
             "Shared Dirtied Blocks": 0,
             "Shared Written Blocks": 0,
             "Local Hit Blocks": 0,
             "Local Read Blocks": 0,
             "Local Dirtied Blocks": 0,
             "Local Written Blocks": 0,
             "Temp Read Blocks": 0,
             "Temp Written Blocks": 0,
             "Workers": [
              {
               "Worker Number": 0,
               "Actual Startup Time": 472.626,
               "Actual Total Time": 559.342,
               "Actual Rows": 126,
               "Actual Loops": 1,
               "Shared Hit Blocks": 4674,
               "Shared Read Blocks": 27779,
               "Shared Dirtied Blocks": 0,
               "Shared Written Blocks": 0,
               "Local Hit Blocks": 0,
               "Local Read Blocks": 0,
               "Local Dirtied Blocks": 0,
               "Local Written Blocks": 0,
               "Temp Read Blocks": 0,
               "Temp Written Blocks": 0
              },
              {
               "Worker Number": 1,
               "Actual Startup Time": 497.635,
               "Actual Total Time": 559.771,
               "Actual Rows": 122,
               "Actual Loops": 1,
               "Shared Hit Blocks": 4651,
               "Shared Read Blocks": 25194,
               "Shared Dirtied Blocks": 0,
               "Shared Written Blocks": 0,
               "Local Hit Blocks": 0,
               "Local Read Blocks": 0,
               "Local Dirtied Blocks": 0,
               "Local Written Blocks": 0,
               "Temp Read Blocks": 0,
               "Temp Written Blocks": 0
              }
             ],
             "Plans": [
              {
               "Node Type": "Nested Loop",
               "Parent Relationship": "Outer",
               "Parallel Aware": false,
               "Join Type": "Inner",
               "Startup Cost": 118121.64,
               "Total Cost": 142661.58,
               "Plan Rows": 5,
               "Plan Width": 22,
               "Actual Startup Time": 491.585,
               "Actual Total Time": 568.695,
               "Actual Rows": 98,
               "Actual Loops": 3,
               "Output": [
                "m.name",
                "tp.titleid",
                "t.id"
               ],
               "Inner Unique": true,
               "Shared Hit Blocks": 13300,
               "Shared Read Blocks": 78470,
               "Shared Dirtied Blocks": 0,
               "Shared Written Blocks": 0,
               "Local Hit Blocks": 0,
               "Local Read Blocks": 0,
               "Local Dirtied Blocks": 0,
               "Local Written Blocks": 0,
               "Temp Read Blocks": 0,
               "Temp Written Blocks": 0,
               "Workers": [
                {
                 "Worker Number": 0,
                 "Actual Startup Time": 471.907,
                 "Actual Total Time": 557.468,
                 "Actual Rows": 96,
                 "Actual Loops": 1,
                 "Shared Hit Blocks": 4403,
                 "Shared Read Blocks": 27669,
                 "Shared Dirtied Blocks": 0,
                 "Shared Written Blocks": 0,
                 "Local Hit Blocks": 0,
                 "Local Read Blocks": 0,
                 "Local Dirtied Blocks": 0,
                 "Local Written Blocks": 0,
                 "Temp Read Blocks": 0,
                 "Temp Written Blocks": 0
                },
                {
                 "Worker Number": 1,
                 "Actual Startup Time": 495.357,
                 "Actual Total Time": 558.174,
                 "Actual Rows": 95,
                 "Actual Loops": 1,
                 "Shared Hit Blocks": 4367,
                 "Shared Read Blocks": 25102,
                 "Shared Dirtied Blocks": 0,
                 "Shared Written Blocks": 0,
                 "Local Hit Blocks": 0,
                 "Local Read Blocks": 0,
                 "Local Dirtied Blocks": 0,
                 "Local Written Blocks": 0,
                 "Temp Read Blocks": 0,
                 "Temp Written Blocks": 0
                }
               ],
               "Plans": [
                {
                 "Node Type": "Hash Join",
                 "Parent Relationship": "Outer",
                 "Parallel Aware": true,
                 "Join Type": "Inner",
                 "Startup Cost": 118121.21,
                 "Total Cost": 142592.32,
                 "Plan Rows": 105,
                 "Plan Width": 18,
                 "Actual Startup Time": 440.304,
                 "Actual Total Time": 556.399,
                 "Actual Rows": 1353,
                 "Actual Loops": 3,
                 "Output": [
                  "m.name",
                  "tp.titleid"
                 ],
                 "Inner Unique": true,
                 "Hash Cond": "(tp.producerid = m.id)",
                 "Shared Hit Blocks": 180,
                 "Shared Read Blocks": 75352,
                 "Shared Dirtied Blocks": 0,
                 "Shared Written Blocks": 0,
                 "Local Hit Blocks": 0,
                 "Local Read Blocks": 0,
                 "Local Dirtied Blocks": 0,
                 "Local Written Blocks": 0,
                 "Temp Read Blocks": 0,
                 "Temp Written Blocks": 0,
                 "Workers": [
                  {
                   "Worker Number": 0,
                   "Actual Startup Time": 430.49,
                   "Actual Total Time": 543.864,
                   "Actual Rows": 1330,
                   "Actual Loops": 1,
                   "Shared Hit Blocks": 75,
                   "Shared Read Blocks": 26676,
                   "Shared Dirtied Blocks": 0,
                   "Shared Written Blocks": 0,
                   "Local Hit Blocks": 0,
                   "Local Read Blocks": 0,
                   "Local Dirtied Blocks": 0,
                   "Local Written Blocks": 0,
                   "Temp Read Blocks": 0,
                   "Temp Written Blocks": 0
                  },
                  {
                   "Worker Number": 1,
                   "Actual Startup Time": 429.521,
                   "Actual Total Time": 544.578,
                   "Actual Rows": 1323,
                   "Actual Loops": 1,
                   "Shared Hit Blocks": 68,
                   "Shared Read Blocks": 24108,
                   "Shared Dirtied Blocks": 0,
                   "Shared Written Blocks": 0,
                   "Local Hit Blocks": 0,
                   "Local Read Blocks": 0,
                   "Local Dirtied Blocks": 0,
                   "Local Written Blocks": 0,
                   "Temp Read Blocks": 0,
                   "Temp Written Blocks": 0
                  }
                 ],
                 "Plans": [
                  {
                   "Node Type": "Seq Scan",
                   "Parent Relationship": "Outer",
                   "Parallel Aware": true,
                   "Relation Name": "title_producer",
                   "Schema": "public",
                   "Alias": "tp",
                   "Startup Cost": 0.0,
                   "Total Cost": 21707.61,
                   "Plan Rows": 1052761,
                   "Plan Width": 8,
                   "Actual Startup Time": 0.145,
                   "Actual Total Time": 52.661,
                   "Actual Rows": 842209,
                   "Actual Loops": 3,
                   "Output": [
                    "tp.titleid",
                    "tp.producerid"
                   ],
                   "Shared Hit Blocks": 2,
                   "Shared Read Blocks": 11178,
                   "Shared Dirtied Blocks": 0,
                   "Shared Written Blocks": 0,
                   "Local Hit Blocks": 0,
                   "Local Read Blocks": 0,
                   "Local Dirtied Blocks": 0,
                   "Local Written Blocks": 0,
                   "Temp Read Blocks": 0,
                   "Temp Written Blocks": 0,
                   "Workers": [
                    {
                     "Worker Number": 0,
                     "Actual Startup Time": 0.011,
                     "Actual Total Time": 52.047,
                     "Actual Rows": 830722,
                     "Actual Loops": 1,
                     "Shared Hit Blocks": 2,
                     "Shared Read Blocks": 3674,
                     "Shared Dirtied Blocks": 0,
                     "Shared Written Blocks": 0,
                     "Local Hit Blocks": 0,
                     "Local Read Blocks": 0,
                     "Local Dirtied Blocks": 0,
                     "Local Written Blocks": 0,
                     "Temp Read Blocks": 0,
                     "Temp Written Blocks": 0
                    },
                    {
                     "Worker Number": 1,
                     "Actual Startup Time": 0.41,
                     "Actual Total Time": 51.553,
                     "Actual Rows": 819250,
                     "Actual Loops": 1,
                     "Shared Hit Blocks": 0,
                     "Shared Read Blocks": 3625,
                     "Shared Dirtied Blocks": 0,
                     "Shared Written Blocks": 0,
                     "Local Hit Blocks": 0,
                     "Local Read Blocks": 0,
                     "Local Dirtied Blocks": 0,
                     "Local Written Blocks": 0,
                     "Temp Read Blocks": 0,
                     "Temp Written Blocks": 0
                    }
                   ]
                  },
                  {
                   "Node Type": "Hash",
                   "Parent Relationship": "Inner",
                   "Parallel Aware": true,
                   "Startup Cost": 118115.82,
                   "Total Cost": 118115.82,
                   "Plan Rows": 431,
                   "Plan Width": 18,
                   "Actual Startup Time": 438.961,
                   "Actual Total Time": 438.961,
                   "Actual Rows": 4558,
                   "Actual Loops": 3,
                   "Output": [
                    "m.name",
                    "m.id"
                   ],
                   "Hash Buckets": 16384,
                   "Original Hash Buckets": 2048,
                   "Hash Batches": 1,
                   "Original Hash Batches": 1,
                   "Peak Memory Usage": 1040,
                   "Shared Hit Blocks": 101,
                   "Shared Read Blocks": 64167,
                   "Shared Dirtied Blocks": 0,
                   "Shared Written Blocks": 0,
                   "Local Hit Blocks": 0,
                   "Local Read Blocks": 0,
                   "Local Dirtied Blocks": 0,
                   "Local Written Blocks": 0,
                   "Temp Read Blocks": 0,
                   "Temp Written Blocks": 0,
                   "Workers": [
                    {
                     "Worker Number": 0,
                     "Actual Startup Time": 428.175,
                     "Actual Total Time": 428.175,
                     "Actual Rows": 4954,
                     "Actual Loops": 1,
                     "Shared Hit Blocks": 38,
                     "Shared Read Blocks": 22995,
                     "Shared Dirtied Blocks": 0,
                     "Shared Written Blocks": 0,
                     "Local Hit Blocks": 0,
                     "Local Read Blocks": 0,
                     "Local Dirtied Blocks": 0,
                     "Local Written Blocks": 0,
                     "Temp Read Blocks": 0,
                     "Temp Written Blocks": 0
                    },
                    {
                     "Worker Number": 1,
                     "Actual Startup Time": 428.145,
                     "Actual Total Time": 428.146,
                     "Actual Rows": 4333,
                     "Actual Loops": 1,
                     "Shared Hit Blocks": 26,
                     "Shared Read Blocks": 20483,
                     "Shared Dirtied Blocks": 0,
                     "Shared Written Blocks": 0,
                     "Local Hit Blocks": 0,
                     "Local Read Blocks": 0,
                     "Local Dirtied Blocks": 0,
                     "Local Written Blocks": 0,
                     "Temp Read Blocks": 0,
                     "Temp Written Blocks": 0
                    }
                   ],
                   "Plans": [
                    {
                     "Node Type": "Seq Scan",
                     "Parent Relationship": "Outer",
                     "Parallel Aware": true,
                     "Relation Name": "member",
                     "Schema": "public",
                     "Alias": "m",
                     "Startup Cost": 0.0,
                     "Total Cost": 118115.82,
                     "Plan Rows": 431,
                     "Plan Width": 18,
                     "Actual Startup Time": 0.309,
                     "Actual Total Time": 394.741,
                     "Actual Rows": 4558,
                     "Actual Loops": 3,
                     "Output": [
                      "m.name",
                      "m.id"
                     ],
                     "Filter": "((m.name)::text ~~ '%Gill%'::text)",
                     "Rows Removed by Filter": 3441703,
                     "Shared Hit Blocks": 101,
                     "Shared Read Blocks": 64167,
                     "Shared Dirtied Blocks": 0,
                     "Shared Written Blocks": 0,
                     "Local Hit Blocks": 0,
                     "Local Read Blocks": 0,
                     "Local Dirtied Blocks": 0,
                     "Local Written Blocks": 0,
                     "Temp Read Blocks": 0,
                     "Temp Written Blocks": 0,
                     "Workers": [
                      {
                       "Worker Number": 0,
                       "Actual Startup Time": 0.205,
                       "Actual Total Time": 423.132,
                       "Actual Rows": 4954,
                       "Actual Loops": 1,
                       "Shared Hit Blocks": 38,
                       "Shared Read Blocks": 22995,
                       "Shared Dirtied Blocks": 0,
                       "Shared Written Blocks": 0,
                       "Local Hit Blocks": 0,
                       "Local Read Blocks": 0,
                       "Local Dirtied Blocks": 0,
                       "Local Written Blocks": 0,
                       "Temp Read Blocks": 0,
                       "Temp Written Blocks": 0
                      },
                      {
                       "Worker Number": 1,
                       "Actual Startup Time": 0.707,
                       "Actual Total Time": 379.14,
                       "Actual Rows": 4333,
                       "Actual Loops": 1,
                       "Shared Hit Blocks": 26,
                       "Shared Read Blocks": 20483,
                       "Shared Dirtied Blocks": 0,
                       "Shared Written Blocks": 0,
                       "Local Hit Blocks": 0,
                       "Local Read Blocks": 0,
                       "Local Dirtied Blocks": 0,
                       "Local Written Blocks": 0,
                       "Temp Read Blocks": 0,
                       "Temp Written Blocks": 0
                      }
                     ]
                    }
                   ]
                  }
                 ]
                },
                {
                 "Node Type": "Index Scan",
                 "Parent Relationship": "Inner",
                 "Parallel Aware": false,
                 "Scan Direction": "Forward",
                 "Index Name": "title_pkey",
                 "Relation Name": "title",
                 "Schema": "public",
                 "Alias": "t",
                 "Startup Cost": 0.43,
                 "Total Cost": 0.66,
                 "Plan Rows": 1,
                 "Plan Width": 4,
                 "Actual Startup Time": 0.009,
                 "Actual Total Time": 0.009,
                 "Actual Rows": 0,
                 "Actual Loops": 4059,
                 "Output": [
                  "t.id",
                  "t.type",
                  "t.title",
                  "t.originaltitle",
                  "t.startyear",
                  "t.endyear",
                  "t.runtime",
                  "t.avgratings",
                  "t.numvotes"
                 ],
                 "Index Cond": "(t.id = tp.titleid)",
                 "Rows Removed by Index Recheck": 0,
                 "Filter": "((t.startyear = 2017) OR (t.endyear = 2017))",
                 "Rows Removed by Filter": 1,
                 "Shared Hit Blocks": 13120,
                 "Shared Read Blocks": 3118,
                 "Shared Dirtied Blocks": 0,
                 "Shared Written Blocks": 0,
                 "Local Hit Blocks": 0,
                 "Local Read Blocks": 0,
                 "Local Dirtied Blocks": 0,
                 "Local Written Blocks": 0,
                 "Temp Read Blocks": 0,
                 "Temp Written Blocks": 0,
                 "Workers": [
                  {
                   "Worker Number": 0,
                   "Actual Startup Time": 0.01,
                   "Actual Total Time": 0.01,
                   "Actual Rows": 0,
                   "Actual Loops": 1330,
                   "Shared Hit Blocks": 4328,
                   "Shared Read Blocks": 993,
                   "Shared Dirtied Blocks": 0,
                   "Shared Written Blocks": 0,
                   "Local Hit Blocks": 0,
                   "Local Read Blocks": 0,
                   "Local Dirtied Blocks": 0,
                   "Local Written Blocks": 0,
                   "Temp Read Blocks": 0,
                   "Temp Written Blocks": 0
                  },
                  {
                   "Worker Number": 1,
                   "Actual Startup Time": 0.01,
                   "Actual Total Time": 0.01,
                   "Actual Rows": 0,
                   "Actual Loops": 1323,
                   "Shared Hit Blocks": 4299,
                   "Shared Read Blocks": 994,
                   "Shared Dirtied Blocks": 0,
                   "Shared Written Blocks": 0,
                   "Local Hit Blocks": 0,
                   "Local Read Blocks": 0,
                   "Local Dirtied Blocks": 0,
                   "Local Written Blocks": 0,
                   "Temp Read Blocks": 0,
                   "Temp Written Blocks": 0
                  }
                 ]
                }
               ]
              },
              {
               "Node Type": "Index Only Scan",
               "Parent Relationship": "Inner",
               "Parallel Aware": false,
               "Scan Direction": "Forward",
               "Index Name": "title_genre_pkey",
               "Relation Name": "title_genre",
               "Schema": "public",
               "Alias": "tg",
               "Startup Cost": 0.43,
               "Total Cost": 0.6,
               "Plan Rows": 3,
               "Plan Width": 8,
               "Actual Startup Time": 0.014,
               "Actual Total Time": 0.014,
               "Actual Rows": 1,
               "Actual Loops": 295,
               "Output": [
                "tg.titleid",
                "tg.genreid"
               ],
               "Index Cond": "(tg.titleid = tp.titleid)",
               "Rows Removed by Index Recheck": 0,
               "Heap Fetches": 378,
               "Shared Hit Blocks": 857,
               "Shared Read Blocks": 312,
               "Shared Dirtied Blocks": 0,
               "Shared Written Blocks": 0,
               "Local Hit Blocks": 0,
               "Local Read Blocks": 0,
               "Local Dirtied Blocks": 0,
               "Local Written Blocks": 0,
               "Temp Read Blocks": 0,
               "Temp Written Blocks": 0,
               "Workers": [
                {
                 "Worker Number": 0,
                 "Actual Startup Time": 0.019,
                 "Actual Total Time": 0.019,
                 "Actual Rows": 1,
                 "Actual Loops": 96,
                 "Shared Hit Blocks": 271,
                 "Shared Read Blocks": 110,
                 "Shared Dirtied Blocks": 0,
                 "Shared Written Blocks": 0,
                 "Local Hit Blocks": 0,
                 "Local Read Blocks": 0,
                 "Local Dirtied Blocks": 0,
                 "Local Written Blocks": 0,
                 "Temp Read Blocks": 0,
                 "Temp Written Blocks": 0
                },
                {
                 "Worker Number": 1,
                 "Actual Startup Time": 0.016,
                 "Actual Total Time": 0.016,
                 "Actual Rows": 1,
                 "Actual Loops": 95,
                 "Shared Hit Blocks": 284,
                 "Shared Read Blocks": 92,
                 "Shared Dirtied Blocks": 0,
                 "Shared Written Blocks": 0,
                 "Local Hit Blocks": 0,
                 "Local Read Blocks": 0,
                 "Local Dirtied Blocks": 0,
                 "Local Written Blocks": 0,
                 "Temp Read Blocks": 0,
                 "Temp Written Blocks": 0
                }
               ]
              }
             ]
            },
            {
             "Node Type": "Index Scan",
             "Parent Relationship": "Inner",
             "Parallel Aware": false,
             "Scan Direction": "Forward",
             "Index Name": "genre_pkey",
             "Relation Name": "genre",
             "Schema": "public",
             "Alias": "g",
             "Startup Cost": 0.14,
             "Total Cost": 0.16,
             "Plan Rows": 1,
             "Plan Width": 4,
             "Actual Startup Time": 0.002,
             "Actual Total Time": 0.002,
             "Actual Rows": 0,
             "Actual Loops": 378,
             "Output": [
              "g.id",
              "g.genre"
             ],
             "Index Cond": "(g.id = tg.genreid)",
             "Rows Removed by Index Recheck": 0,
             "Filter": "((g.genre)::text = 'Talk-Show'::text)",
             "Rows Removed by Filter": 1,
             "Shared Hit Blocks": 755,
             "Shared Read Blocks": 3,
             "Shared Dirtied Blocks": 0,
             "Shared Written Blocks": 0,
             "Local Hit Blocks": 0,
             "Local Read Blocks": 0,
             "Local Dirtied Blocks": 0,
             "Local Written Blocks": 0,
             "Temp Read Blocks": 0,
             "Temp Written Blocks": 0,
             "Workers": [
              {
               "Worker Number": 0,
               "Actual Startup Time": 0.004,
               "Actual Total Time": 0.004,
               "Actual Rows": 0,
               "Actual Loops": 126,
               "Shared Hit Blocks": 250,
               "Shared Read Blocks": 3,
               "Shared Dirtied Blocks": 0,
               "Shared Written Blocks": 0,
               "Local Hit Blocks": 0,
               "Local Read Blocks": 0,
               "Local Dirtied Blocks": 0,
               "Local Written Blocks": 0,
               "Temp Read Blocks": 0,
               "Temp Written Blocks": 0
              },
              {
               "Worker Number": 1,
               "Actual Startup Time": 0.001,
               "Actual Total Time": 0.001,
               "Actual Rows": 0,
               "Actual Loops": 122,
               "Shared Hit Blocks": 245,
               "Shared Read Blocks": 0,
               "Shared Dirtied Blocks": 0,
               "Shared Written Blocks": 0,
               "Local Hit Blocks": 0,
               "Local Read Blocks": 0,
               "Local Dirtied Blocks": 0,
               "Local Written Blocks": 0,
               "Temp Read Blocks": 0,
               "Temp Written Blocks": 0
              }
             ]
            }
           ]
          }
         ]
        }
       ]
      }
     ]
    }
   ]
  },
  "Planning Time": 1.003,
  "Triggers": [],
  "Execution Time": 608.032
 }
]