[
 {
  "Plan": {
   "Node Type": "Sort",
   "Parallel Aware": false,
   "Startup Cost": 211739.12,
   "Total Cost": 211965.15,
   "Plan Rows": 90409,
   "Plan Width": 30,
   "Actual Startup Time": 733.031,
   "Actual Total Time": 749.753,
   "Actual Rows": 31101,
   "Actual Loops": 1,
   "Output": [
    "m.name",
    "(count(m.name))",
    "(count(*))"
   ],
   "Sort Key": [
    "(count(*)) DESC"
   ],
   "Sort Method": "quicksort",
   "Sort Space Used": 3199,
   "Sort Space Type": "Memory",
   "Shared Hit Blocks": 297672,
   "Shared Read Blocks": 102189,
   "Shared Dirtied Blocks": 0,
   "Shared Written Blocks": 0,
   "Local Hit Blocks": 0,
   "Local Read Blocks": 0,
   "Local Dirtied Blocks": 0,
   "Local Written Blocks": 0,
   "Temp Read Blocks": 9233,
   "Temp Written Blocks": 9252,
   "Plans": [
    {
     "Node Type": "Aggregate",
     "Strategy": "Sorted",
     "Partial Mode": "Finalize",
     "Parent Relationship": "Outer",
     "Parallel Aware": false,
     "Startup Cost": 191211.43,
     "Total Cost": 202130.07,
     "Plan Rows": 90409,
     "Plan Width": 30,
     "Actual Startup Time": 694.176,
     "Actual Total Time": 744.494,
     "Actual Rows": 31101,
     "Actual Loops": 1,
     "Output": [
      "m.name",
      "count(m.name)",
      "count(*)"
     ],
     "Group Key": [
      "m.name"
     ],
     "Shared Hit Blocks": 297672,
     "Shared Read Blocks": 102189,
     "Shared Dirtied Blocks": 0,
     "Shared Written Blocks": 0,
     "Local Hit Blocks": 0,
     "Local Read Blocks": 0,
     "Local Dirtied Blocks": 0,
     "Local Written Blocks": 0,
     "Temp Read Blocks": 9233,
     "Temp Written Blocks": 9252,
     "Plans": [
      {
       "Node Type": "Gather Merge",
       "Parent Relationship": "Outer",
       "Parallel Aware": false,
       "Startup Cost": 191211.43,
       "Total Cost": 200660.93,
       "Plan Rows": 75340,
       "Plan Width": 30,
       "Actual Startup Time": 694.17,
       "Actual Total Time": 736.008,
       "Actual Rows": 41048,
       "Actual Loops": 1,
       "Output": [
        "m.name",
        "(PARTIAL count(m.name))",
        "(PARTIAL count(*))"
       ],
       "Workers Planned": 2,
       "Workers Launched": 2,
       "Shared Hit Blocks": 297672,
       "Shared Read Blocks": 102189,
       "Shared Dirtied Blocks": 0,
       "Shared Written Blocks": 0,
       "Local Hit Blocks": 0,
       "Local Read Blocks": 0,
       "Local Dirtied Blocks": 0,
       "Local Written Blocks": 0,
       "Temp Read Blocks": 9233,
       "Temp Written Blocks": 9252,
       "Plans": [
        {
         "Node Type": "Aggregate",
         "Strategy": "Sorted",
         "Partial Mode": "Partial",
         "Parent Relationship": "Outer",
         "Parallel Aware": false,
         "Startup Cost": 190211.4,
         "Total Cost": 190964.8,
         "Plan Rows": 37670,
         "Plan Width": 30,
         "Actual Startup Time": 674.251,
         "Actual Total Time": 680.56,
         "Actual Rows": 13683,
         "Actual Loops": 3,
         "Output": [
          "m.name",
          "PARTIAL count(m.name)",
          "PARTIAL count(*)"
         ],
         "Group Key": [
          "m.name"
         ],
         "Shared Hit Blocks": 297672,
         "Shared Read Blocks": 102189,
         "Shared Dirtied Blocks": 0,
         "Shared Written Blocks": 0,
         "Local Hit Blocks": 0,
         "Local Read Blocks": 0,
         "Local Dirtied Blocks": 0,
         "Local Written Blocks": 0,
         "Temp Read Blocks": 9233,
         "Temp Written Blocks": 9252,
         "Workers": [
          {
           "Worker Number": 0,
           "Actual Startup Time": 665.041,
           "Actual Total Time": 671.138,
           "Actual Rows": 13838,
           "Actual Loops": 1,
           "Shared Hit Blocks": 99899,
           "Shared Read Blocks": 31430,
           "Shared Dirtied Blocks": 0,
           "Shared Written Blocks": 0,
           "Local Hit Blocks": 0,
           "Local Read Blocks": 0,
           "Local Dirtied Blocks": 0,
           "Local Written Blocks": 0,
           "Temp Read Blocks": 3073,
           "Temp Written Blocks": 3064
          },
          {
           "Worker Number": 1,
           "Actual Startup Time": 664.598,
           "Actual Total Time": 670.749,
           "Actual Rows": 13641,
           "Actual Loops": 1,
           "Shared Hit Blocks": 98819,
           "Shared Read Blocks": 31874,
           "Shared Dirtied Blocks": 0,
           "Shared Written Blocks": 0,
           "Local Hit Blocks": 0,
           "Local Read Blocks": 0,
           "Local Dirtied Blocks": 0,
           "Local Written Blocks": 0,
           "Temp Read Blocks": 2881,
           "Temp Written Blocks": 3048
          }
         ],
         "Plans": [
          {
           "Node Type": "Sort",
           "Parent Relationship": "Outer",
           "Parallel Aware": false,
           "Startup Cost": 190211.4,
           "Total Cost": 190305.58,
           "Plan Rows": 37670,
           "Plan Width": 14,
           "Actual Startup Time": 674.242,
           "Actual Total Time": 676.098,
           "Actual Rows": 26782,
           "Actual Loops": 3,
           "Output": [
            "m.name"
           ],
           "Sort Key": [
            "m.name"
           ],
           "Sort Method": "quicksort",
           "Sort Space Used": 2231,
           "Sort Space Type": "Memory",
           "Workers": [
            {
             "Worker Number": 0,
             "Actual Startup Time": 665.03,
             "Actual Total Time": 666.786,
             "Actual Rows": 26855,
             "Actual Loops": 1,
             "Shared Hit Blocks": 99899,
             "Shared Read Blocks": 31430,
             "Shared Dirtied Blocks": 0,
             "Shared Written Blocks": 0,
             "Local Hit Blocks": 0,
             "Local Read Blocks": 0,
             "Local Dirtied Blocks": 0,
             "Local Written Blocks": 0,
             "Temp Read Blocks": 3073,
             "Temp Written Blocks": 3064
            },
            {
             "Worker Number": 1,
             "Actual Startup Time": 664.585,
             "Actual Total Time": 666.375,
             "Actual Rows": 26679,
             "Actual Loops": 1,
             "Shared Hit Blocks": 98819,
             "Shared Read Blocks": 31874,
             "Shared Dirtied Blocks": 0,
             "Shared Written Blocks": 0,
             "Local Hit Blocks": 0,
             "Local Read Blocks": 0,
             "Local Dirtied Blocks": 0,
             "Local Written Blocks": 0,
             "Temp Read Blocks": 2881,
             "Temp Written Blocks": 3048
            }
           ],
           "Shared Hit Blocks": 297672,
           "Shared Read Blocks": 102189,
           "Shared Dirtied Blocks": 0,
           "Shared Written Blocks": 0,
           "Local Hit Blocks": 0,
           "Local Read Blocks": 0,
           "Local Dirtied Blocks": 0,
           "Local Written Blocks": 0,
           "Temp Read Blocks": 9233,
           "Temp Written Blocks": 9252,
           "Plans": [
            {
             "Node Type": "Nested Loop",
             "Parent Relationship": "Outer",
             "Parallel Aware": false,
             "Join Type": "Inner",
             "Startup Cost": 131254.01,
             "Total Cost": 187348.27,
             "Plan Rows": 37670,
             "Plan Width": 14,
             "Actual Startup Time": 288.036,
             "Actual Total Time": 611.47,
             "Actual Rows": 26782,
             "Actual Loops": 3,
             "Output": [
              "m.name"
             ],
             "Inner Unique": true,
             "Shared Hit Blocks": 297651,
             "Shared Read Blocks": 102188,
             "Shared Dirtied Blocks": 0,
             "Shared Written Blocks": 0,
             "Local Hit Blocks": 0,
             "Local Read Blocks": 0,
             "Local Dirtied Blocks": 0,
             "Local Written Blocks": 0,
             "Temp Read Blocks": 9233,
             "Temp Written Blocks": 9252,
             "Workers": [
              {
               "Worker Number": 0,
               "Actual Startup Time": 280.105,
               "Actual Total Time": 601.813,
               "Actual Rows": 26855,
               "Actual Loops": 1,
               "Shared Hit Blocks": 99889,
               "Shared Read Blocks": 31429,
               "Shared Dirtied Blocks": 0,
               "Shared Written Blocks": 0,
               "Local Hit Blocks": 0,
               "Local Read Blocks": 0,
               "Local Dirtied Blocks": 0,
               "Local Written Blocks": 0,
               "Temp Read Blocks": 3073,
               "Temp Written Blocks": 3064
              },
              {
               "Worker Number": 1,
               "Actual Startup Time": 275.049,
               "Actual Total Time": 601.938,
               "Actual Rows": 26679,
               "Actual Loops": 1,
               "Shared Hit Blocks": 98808,
               "Shared Read Blocks": 31874,
               "Shared Dirtied Blocks": 0,
               "Shared Written Blocks": 0,
               "Local Hit Blocks": 0,
               "Local Read Blocks": 0,
               "Local Dirtied Blocks": 0,
               "Local Written Blocks": 0,
               "Temp Read Blocks": 2881,
               "Temp Written Blocks": 3048
              }
             ],
             "Plans": [
              {
               "Node Type": "Hash Join",
               "Parent Relationship": "Outer",
               "Parallel Aware": true,
               "Join Type": "Inner",
               "Startup Cost": 131253.57,
               "Total Cost": 164374.68,
               "Plan Rows": 38345,
               "Plan Width": 4,
               "Actual Startup Time": 287.65,
               "Actual Total Time": 394.735,
               "Actual Rows": 29206,
               "Actual Loops": 3,
               "Output": [
                "tp.producerid"
               ],
               "Inner Unique": true,
               "Hash Cond": "(tp.titleid = t.id)",
               "Shared Hit Blocks": 750,
               "Shared Read Blocks": 48615,
               "Shared Dirtied Blocks": 0,
               "Shared Written Blocks": 0,
               "Local Hit Blocks": 0,
               "Local Read Blocks": 0,
               "Local Dirtied Blocks": 0,
               "Local Written Blocks": 0,
               "Temp Read Blocks": 9233,
               "Temp Written Blocks": 9252,
               "Workers": [
                {
                 "Worker Number": 0,
                 "Actual Startup Time": 280.079,
                 "Actual Total Time": 384.43,
                 "Actual Rows": 29298,
                 "Actual Loops": 1,
                 "Shared Hit Blocks": 171,
                 "Shared Read Blocks": 13954,
                 "Shared Dirtied Blocks": 0,
                 "Shared Written Blocks": 0,
                 "Local Hit Blocks": 0,
                 "Local Read Blocks": 0,
                 "Local Dirtied Blocks": 0,
                 "Local Written Blocks": 0,
                 "Temp Read Blocks": 3073,
                 "Temp Written Blocks": 3064
                },
                {
                 "Worker Number": 1,
                 "Actual Startup Time": 273.959,
                 "Actual Total Time": 380.651,
                 "Actual Rows": 29111,
                 "Actual Loops": 1,
                 "Shared Hit Blocks": 190,
                 "Shared Read Blocks": 14047,
                 "Shared Dirtied Blocks": 0,
                 "Shared Written Blocks": 0,
                 "Local Hit Blocks": 0,
                 "Local Read Blocks": 0,
                 "Local Dirtied Blocks": 0,
                 "Local Written Blocks": 0,
                 "Temp Read Blocks": 2881,
                 "Temp Written Blocks": 3048
                }
               ],
               "Plans": [
                {
                 "Node Type": "Seq Scan",
                 "Parent Relationship": "Outer",
                 "Parallel Aware": true,
                 "Relation Name": "title_producer",
                 "Schema": "public",
                 "Alias": "tp",
                 "Startup Cost": 0.0,
                 "Total Cost": 21707.61,
                 "Plan Rows": 1052761,
                 "Plan Width": 8,
                 "Actual Startup Time": 0.277,
                 "Actual Total Time": 70.184,
                 "Actual Rows": 842209,
                 "Actual Loops": 3,
                 "Output": [
                  "tp.producerid",
                  "tp.titleid"
                 ],
                 "Shared Hit Blocks": 2,
                 "Shared Read Blocks": 11178,
                 "Shared Dirtied Blocks": 0,
                 "Shared Written Blocks": 0,
                 "Local Hit Blocks": 0,
                 "Local Read Blocks": 0,
                 "Local Dirtied Blocks": 0,
                 "Local Written Blocks": 0,
                 "Temp Read Blocks": 0,
                 "Temp Written Blocks": 0,
                 "Workers": [
                  {
                   "Worker Number": 0,
                   "Actual Startup Time": 0.475,
                   "Actual Total Time": 70.442,
                   "Actual Rows": 844110,
                   "Actual Loops": 1,
                   "Shared Hit Blocks": 0,
                   "Shared Read Blocks": 3735,
                   "Shared Dirtied Blocks": 0,
                   "Shared Written Blocks": 0,
                   "Local Hit Blocks": 0,
                   "Local Read Blocks": 0,
                   "Local Dirtied Blocks": 0,
                   "Local Written Blocks": 0,
                   "Temp Read Blocks": 0,
                   "Temp Written Blocks": 0
                  },
                  {
                   "Worker Number": 1,
                   "Actual Startup Time": 0.347,
                   "Actual Total Time": 70.443,
                   "Actual Rows": 840440,
                   "Actual Loops": 1,
                   "Shared Hit Blocks": 1,
                   "Shared Read Blocks": 3718,
                   "Shared Dirtied Blocks": 0,
                   "Shared Written Blocks": 0,
                   "Local Hit Blocks": 0,
                   "Local Read Blocks": 0,
                   "Local Dirtied Blocks": 0,
                   "Local Written Blocks": 0,
                   "Temp Read Blocks": 0,
                   "Temp Written Blocks": 0
                  }
                 ]
                },
                {
                 "Node Type": "Hash",
                 "Parent Relationship": "Inner",
                 "Parallel Aware": true,
                 "Startup Cost": 129474.97,
                 "Total Cost": 129474.97,
                 "Plan Rows": 108368,
                 "Plan Width": 4,
                 "Actual Startup Time": 127.024,
                 "Actual Total Time": 127.025,
                 "Actual Rows": 87565,
                 "Actual Loops": 3,
                 "Output": [
                  "t.id"
                 ],
                 "Hash Buckets": 131072,
                 "Original Hash Buckets": 131072,
                 "Hash Batches": 4,
                 "Original Hash Batches": 4,
                 "Peak Memory Usage": 3648,
                 "Shared Hit Blocks": 720,
                 "Shared Read Blocks": 37437,
                 "Shared Dirtied Blocks": 0,
                 "Shared Written Blocks": 0,
                 "Local Hit Blocks": 0,
                 "Local Read Blocks": 0,
                 "Local Dirtied Blocks": 0,
                 "Local Written Blocks": 0,
                 "Temp Read Blocks": 0,
                 "Temp Written Blocks": 588,
                 "Workers": [
                  {
                   "Worker Number": 0,
                   "Actual Startup Time": 117.648,
                   "Actual Total Time": 117.648,
                   "Actual Rows": 74848,
                   "Actual Loops": 1,
                   "Shared Hit Blocks": 157,
                   "Shared Read Blocks": 10219,
                   "Shared Dirtied Blocks": 0,
                   "Shared Written Blocks": 0,
                   "Local Hit Blocks": 0,
                   "Local Read Blocks": 0,
                   "Local Dirtied Blocks": 0,
                   "Local Written Blocks": 0,
                   "Temp Read Blocks": 0,
                   "Temp Written Blocks": 168
                  },
                  {
                   "Worker Number": 1,
                   "Actual Startup Time": 117.548,
                   "Actual Total Time": 117.549,
                   "Actual Rows": 75300,
                   "Actual Loops": 1,
                   "Shared Hit Blocks": 175,
                   "Shared Read Blocks": 10329,
                   "Shared Dirtied Blocks": 0,
                   "Shared Written Blocks": 0,
                   "Local Hit Blocks": 0,
                   "Local Read Blocks": 0,
                   "Local Dirtied Blocks": 0,
                   "Local Written Blocks": 0,
                   "Temp Read Blocks": 0,
                   "Temp Written Blocks": 168
                  }
                 ],
                 "Plans": [
                  {
                   "Node Type": "Bitmap Heap Scan",
                   "Parent Relationship": "Outer",
                   "Parallel Aware": true,
                   "Relation Name": "title",
                   "Schema": "public",
                   "Alias": "t",
                   "Startup Cost": 4876.08,
                   "Total Cost": 129474.97,
                   "Plan Rows": 108368,
                   "Plan Width": 4,
                   "Actual Startup Time": 6.14,
                   "Actual Total Time": 113.008,
                   "Actual Rows": 87565,
                   "Actual Loops": 3,
                   "Output": [
                    "t.id"
                   ],
                   "Recheck Cond": "(t.runtime > 120)",
                   "Rows Removed by Index Recheck": 0,
                   "Exact Heap Blocks": 16556,
                   "Lossy Heap Blocks": 0,
                   "Shared Hit Blocks": 720,
                   "Shared Read Blocks": 37437,
                   "Shared Dirtied Blocks": 0,
                   "Shared Written Blocks": 0,
                   "Local Hit Blocks": 0,
                   "Local Read Blocks": 0,
                   "Local Dirtied Blocks": 0,
                   "Local Written Blocks": 0,
                   "Temp Read Blocks": 0,
                   "Temp Written Blocks": 0,
                   "Workers": [
                    {
                     "Worker Number": 0,
                     "Actual Startup Time": 0.04,
                     "Actual Total Time": 104.792,
                     "Actual Rows": 74848,
                     "Actual Loops": 1,
                     "Shared Hit Blocks": 157,
                     "Shared Read Blocks": 10219,
                     "Shared Dirtied Blocks": 0,
                     "Shared Written Blocks": 0,
                     "Local Hit Blocks": 0,
                     "Local Read Blocks": 0,
                     "Local Dirtied Blocks": 0,
                     "Local Written Blocks": 0,
                     "Temp Read Blocks": 0,
                     "Temp Written Blocks": 0
                    },
                    {
                     "Worker Number": 1,
                     "Actual Startup Time": 0.023,
                     "Actual Total Time": 104.632,
                     "Actual Rows": 75300,
                     "Actual Loops": 1,
                     "Shared Hit Blocks": 175,
                     "Shared Read Blocks": 10329,
                     "Shared Dirtied Blocks": 0,
                     "Shared Written Blocks": 0,
                     "Local Hit Blocks": 0,
                     "Local Read Blocks": 0,
                     "Local Dirtied Blocks": 0,
                     "Local Written Blocks": 0,
                     "Temp Read Blocks": 0,
                     "Temp Written Blocks": 0
                    }
                   ],
                   "Plans": [
                    {
                     "Node Type": "Bitmap Index Scan",
                     "Parent Relationship": "Outer",
                     "Parallel Aware": false,
                     "Index Name": "title_runtime_index",
                     "Startup Cost": 0.0,
                     "Total Cost": 4811.06,
                     "Plan Rows": 260084,
                     "Plan Width": 0,
                     "Actual Startup Time": 14.455,
                     "Actual Total Time": 14.455,
                     "Actual Rows": 262696,
                     "Actual Loops": 1,
                     "Index Cond": "(t.runtime > 120)",
                     "Shared Hit Blocks": 0,
                     "Shared Read Blocks": 721,
                     "Shared Dirtied Blocks": 0,
                     "Shared Written Blocks": 0,
                     "Local Hit Blocks": 0,
                     "Local Read Blocks": 0,
                     "Local Dirtied Blocks": 0,
                     "Local Written Blocks": 0,
                     "Temp Read Blocks": 0,
                     "Temp Written Blocks": 0
                    }
                   ]
                  }
                 ]
                }
               ]
              },
              {
               "Node Type": "Index Scan",
               "Parent Relationship": "Inner",
               "Parallel Aware": false,
               "Scan Direction": "Forward",
               "Index Name": "member_id_index",
               "Relation Name": "member",
               "Schema": "public",
               "Alias": "m",
               "Startup Cost": 0.43,
               "Total Cost": 0.6,
               "Plan Rows": 1,
               "Plan Width": 18,
               "Actual Startup Time": 0.007,
               "Actual Total Time": 0.007,
               "Actual Rows": 1,
               "Actual Loops": 87618,
               "Output": [
                "m.id",
                "m.name",
                "m.birthyear",
                "m.deathyear"
               ],
               "Index Cond": "(m.id = tp.producerid)",
               "Rows Removed by Index Recheck": 0,
               "Filter": "(m.deathyear IS NULL)",
               "Rows Removed by Filter": 0,
               "Shared Hit Blocks": 296901,
               "Shared Read Blocks": 53573,
               "Shared Dirtied Blocks": 0,
               "Shared Written Blocks": 0,
               "Local Hit Blocks": 0,
               "Local Read Blocks": 0,
               "Local Dirtied Blocks": 0,
               "Local Written Blocks": 0,
               "Temp Read Blocks": 0,
               "Temp Written Blocks": 0,
               "Workers": [
                {
                 "Worker Number": 0,
                 "Actual Startup Time": 0.007,
                 "Actual Total Time": 0.007,
                 "Actual Rows": 1,
                 "Actual Loops": 29298,
                 "Shared Hit Blocks": 99718,
                 "Shared Read Blocks": 17475,
                 "Shared Dirtied Blocks": 0,
                 "Shared Written Blocks": 0,
                 "Local Hit Blocks": 0,
                 "Local Read Blocks": 0,
                 "Local Dirtied Blocks": 0,
                 "Local Written Blocks": 0,
                 "Temp Read Blocks": 0,
                 "Temp Written Blocks": 0
                },
                {
                 "Worker Number": 1,
                 "Actual Startup Time": 0.007,
                 "Actual Total Time": 0.007,
                 "Actual Rows": 1,
                 "Actual Loops": 29111,
                 "Shared Hit Blocks": 98618,
                 "Shared Read Blocks": 17827,
                 "Shared Dirtied Blocks": 0,
                 "Shared Written Blocks": 0,
                 "Local Hit Blocks": 0,
                 "Local Read Blocks": 0,
                 "Local Dirtied Blocks": 0,
                 "Local Written Blocks": 0,
                 "Temp Read Blocks": 0,
                 "Temp Written Blocks": 0
                }
               ]
              }
             ]
            }
           ]
          }
         ]
        }
       ]
      }
     ]
    }
   ]
  },
  "Planning Time": 0.293,
  "Triggers": [],
  "Execution Time": 751.457
 }
]