[
 {
  "Plan": {
   "Node Type": "Gather Merge",
   "Parallel Aware": false,
   "Startup Cost": 217370.92,
   "Total Cost": 230885.37,
   "Plan Rows": 115830,
   "Plan Width": 28,
   "Actual Startup Time": 2050.194,
   "Actual Total Time": 2065.423,
   "Actual Rows": 1676,
   "Actual Loops": 1,
   "Output": [
    "m.name",
    "r.role"
   ],
   "Workers Planned": 2,
   "Workers Launched": 2,
   "Shared Hit Blocks": 5936,
   "Shared Read Blocks": 90044,
   "Shared Dirtied Blocks": 0,
   "Shared Written Blocks": 0,
   "Local Hit Blocks": 0,
   "Local Read Blocks": 0,
   "Local Dirtied Blocks": 0,
   "Local Written Blocks": 0,
   "Temp Read Blocks": 0,
   "Temp Written Blocks": 0,
   "Plans": [
    {
     "Node Type": "Sort",
     "Parent Relationship": "Outer",
     "Parallel Aware": false,
     "Startup Cost": 216370.9,
     "Total Cost": 216515.69,
     "Plan Rows": 57915,
     "Plan Width": 28,
     "Actual Startup Time": 2025.654,
     "Actual Total Time": 2025.67,
     "Actual Rows": 559,
     "Actual Loops": 3,
     "Output": [
      "m.name",
      "r.role"
     ],
     "Sort Key": [
      "r.role"
     ],
     "Sort Method": "quicksort",
     "Sort Space Used": 76,
     "Sort Space Type": "Memory",
     "Workers": [
      {
       "Worker Number": 0,
       "Actual Startup Time": 2013.747,
       "Actual Total Time": 2013.762,
       "Actual Rows": 534,
       "Actual Loops": 1,
       "Shared Hit Blocks": 1875,
       "Shared Read Blocks": 29768,
       "Shared Dirtied Blocks": 0,
       "Shared Written Blocks": 0,
       "Local Hit Blocks": 0,
       "Local Read Blocks": 0,
       "Local Dirtied Blocks": 0,
       "Local Written Blocks": 0,
       "Temp Read Blocks": 0,
       "Temp Written Blocks": 0
      },
      {
       "Worker Number": 1,
       "Actual Startup Time": 2013.701,
       "Actual Total Time": 2013.715,
       "Actual Rows": 484,
       "Actual Loops": 1,
       "Shared Hit Blocks": 1698,
       "Shared Read Blocks": 29854,
       "Shared Dirtied Blocks": 0,
       "Shared Written Blocks": 0,
       "Local Hit Blocks": 0,
       "Local Read Blocks": 0,
       "Local Dirtied Blocks": 0,
       "Local Written Blocks": 0,
       "Temp Read Blocks": 0,
       "Temp Written Blocks": 0
      }
     ],
     "Shared Hit Blocks": 5936,
     "Shared Read Blocks": 90044,
     "Shared Dirtied Blocks": 0,
     "Shared Written Blocks": 0,
     "Local Hit Blocks": 0,
     "Local Read Blocks": 0,
     "Local Dirtied Blocks": 0,
     "Local Written Blocks": 0,
     "Temp Read Blocks": 0,
     "Temp Written Blocks": 0,
     "Plans": [
      {
       "Node Type": "Nested Loop",
       "Parent Relationship": "Outer",
       "Parallel Aware": false,
       "Join Type": "Inner",
       "Startup Cost": 33763.31,
       "Total Cost": 211789.35,
       "Plan Rows": 57915,
       "Plan Width": 28,
       "Actual Startup Time": 1395.265,
       "Actual Total Time": 2025.306,
       "Actual Rows": 559,
       "Actual Loops": 3,
       "Output": [
        "m.name",
        "r.role"
       ],
       "Inner Unique": true,
       "Shared Hit Blocks": 5916,
       "Shared Read Blocks": 90042,
       "Shared Dirtied Blocks": 0,
       "Shared Written Blocks": 0,
       "Local Hit Blocks": 0,
       "Local Read Blocks": 0,
       "Local Dirtied Blocks": 0,
       "Local Written Blocks": 0,
       "Temp Read Blocks": 0,
       "Temp Written Blocks": 0,
       "Workers": [
        {
         "Worker Number": 0,
         "Actual Startup Time": 1385.13,
         "Actual Total Time": 2013.369,
         "Actual Rows": 534,
         "Actual Loops": 1,
         "Shared Hit Blocks": 1866,
         "Shared Read Blocks": 29766,
         "Shared Dirtied Blocks": 0,
         "Shared Written Blocks": 0,
         "Local Hit Blocks": 0,
         "Local Read Blocks": 0,
         "Local Dirtied Blocks": 0,
         "Local Written Blocks": 0,
         "Temp Read Blocks": 0,
         "Temp Written Blocks": 0
        },
        {
         "Worker Number": 1,
         "Actual Startup Time": 1383.605,
         "Actual Total Time": 2013.364,
         "Actual Rows": 484,
         "Actual Loops": 1,
         "Shared Hit Blocks": 1687,
         "Shared Read Blocks": 29854,
         "Shared Dirtied Blocks": 0,
         "Shared Written Blocks": 0,
         "Local Hit Blocks": 0,
         "Local Read Blocks": 0,
         "Local Dirtied Blocks": 0,
         "Local Written Blocks": 0,
         "Temp Read Blocks": 0,
         "Temp Written Blocks": 0
        }
       ],
       "Plans": [
        {
         "Node Type": "Hash Join",
         "Parent Relationship": "Outer",
         "Parallel Aware": true,
         "Join Type": "Inner",
         "Startup Cost": 33762.87,
         "Total Cost": 183558.48,
         "Plan Rows": 58952,
         "Plan Width": 18,
         "Actual Startup Time": 1390.749,
         "Actual Total Time": 2016.627,
         "Actual Rows": 614,
         "Actual Loops": 3,
         "Output": [
          "atr.actorid",
          "r.role"
         ],
         "Inner Unique": true,
         "Hash Cond": "(atr.roleid = r.id)",
         "Shared Hit Blocks": 75,
         "Shared Read Blocks": 88517,
         "Shared Dirtied Blocks": 0,
         "Shared Written Blocks": 0,
         "Local Hit Blocks": 0,
         "Local Read Blocks": 0,
         "Local Dirtied Blocks": 0,
         "Local Written Blocks": 0,
         "Temp Read Blocks": 0,
         "Temp Written Blocks": 0,
         "Workers": [
          {
           "Worker Number": 0,
           "Actual Startup Time": 1375.358,
           "Actual Total Time": 2003.417,
           "Actual Rows": 585,
           "Actual Loops": 1,
           "Shared Hit Blocks": 31,
           "Shared Read Blocks": 29260,
           "Shared Dirtied Blocks": 0,
           "Shared Written Blocks": 0,
           "Local Hit Blocks": 0,
           "Local Read Blocks": 0,
           "Local Dirtied Blocks": 0,
           "Local Written Blocks": 0,
           "Temp Read Blocks": 0,
           "Temp Written Blocks": 0
          },
          {
           "Worker Number": 1,
           "Actual Startup Time": 1379.871,
           "Actual Total Time": 2003.877,
           "Actual Rows": 529,
           "Actual Loops": 1,
           "Shared Hit Blocks": 44,
           "Shared Read Blocks": 29380,
           "Shared Dirtied Blocks": 0,
           "Shared Written Blocks": 0,
           "Local Hit Blocks": 0,
           "Local Read Blocks": 0,
           "Local Dirtied Blocks": 0,
           "Local Written Blocks": 0,
           "Temp Read Blocks": 0,
           "Temp Written Blocks": 0
          }
         ],
         "Plans": [
          {
           "Node Type": "Seq Scan",
           "Parent Relationship": "Outer",
           "Parallel Aware": true,
           "Relation Name": "actor_title_role",
           "Schema": "public",
           "Alias": "atr",
           "Startup Cost": 0.0,
           "Total Cost": 134434.48,
           "Plan Rows": 5851848,
           "Plan Width": 8,
           "Actual Startup Time": 0.284,
           "Actual Total Time": 315.159,
           "Actual Rows": 4681478,
           "Actual Loops": 3,
           "Output": [
            "atr.titleid",
            "atr.actorid",
            "atr.roleid"
           ],
           "Shared Hit Blocks": 0,
           "Shared Read Blocks": 75916,
           "Shared Dirtied Blocks": 0,
           "Shared Written Blocks": 0,
           "Local Hit Blocks": 0,
           "Local Read Blocks": 0,
           "Local Dirtied Blocks": 0,
           "Local Written Blocks": 0,
           "Temp Read Blocks": 0,
           "Temp Written Blocks": 0,
           "Workers": [
            {
             "Worker Number": 0,
             "Actual Startup Time": 0.337,
             "Actual Total Time": 313.013,
             "Actual Rows": 4642919,
             "Actual Loops": 1,
             "Shared Hit Blocks": 0,
             "Shared Read Blocks": 25097,
             "Shared Dirtied Blocks": 0,
             "Shared Written Blocks": 0,
             "Local Hit Blocks": 0,
             "Local Read Blocks": 0,
             "Local Dirtied Blocks": 0,
             "Local Written Blocks": 0,
             "Temp Read Blocks": 0,
             "Temp Written Blocks": 0
            },
            {
             "Worker Number": 1,
             "Actual Startup Time": 0.496,
             "Actual Total Time": 315.63,
             "Actual Rows": 4660890,
             "Actual Loops": 1,
             "Shared Hit Blocks": 0,
             "Shared Read Blocks": 25194,
             "Shared Dirtied Blocks": 0,
             "Shared Written Blocks": 0,
             "Local Hit Blocks": 0,
             "Local Read Blocks": 0,
             "Local Dirtied Blocks": 0,
             "Local Written Blocks": 0,
             "Temp Read Blocks": 0,
             "Temp Written Blocks": 0
            }
           ]
          },
          {
           "Node Type": "Hash",
           "Parent Relationship": "Inner",
           "Parallel Aware": true,
           "Startup Cost": 33656.77,
           "Total Cost": 33656.77,
           "Plan Rows": 8488,
           "Plan Width": 18,
           "Actual Startup Time": 1382.517,
           "Actual Total Time": 1382.517,
           "Actual Rows": 3,
           "Actual Loops": 3,
           "Output": [
            "r.role",
            "r.id"
           ],
           "Hash Buckets": 32768,
           "Original Hash Buckets": 32768,
           "Hash Batches": 1,
           "Original Hash Batches": 1,
           "Peak Memory Usage": 352,
           "Shared Hit Blocks": 2,
           "Shared Read Blocks": 12590,
           "Shared Dirtied Blocks": 0,
           "Shared Written Blocks": 0,
           "Local Hit Blocks": 0,
           "Local Read Blocks": 0,
           "Local Dirtied Blocks": 0,
           "Local Written Blocks": 0,
           "Temp Read Blocks": 0,
           "Temp Written Blocks": 0,
           "Workers": [
            {
             "Worker Number": 0,
             "Actual Startup Time": 1370.23,
             "Actual Total Time": 1370.231,
             "Actual Rows": 2,
             "Actual Loops": 1,
             "Shared Hit Blocks": 0,
             "Shared Read Blocks": 4152,
             "Shared Dirtied Blocks": 0,
             "Shared Written Blocks": 0,
             "Local Hit Blocks": 0,
             "Local Read Blocks": 0,
             "Local Dirtied Blocks": 0,
             "Local Written Blocks": 0,
             "Temp Read Blocks": 0,
             "Temp Written Blocks": 0
            },
            {
             "Worker Number": 1,
             "Actual Startup Time": 1370.2,
             "Actual Total Time": 1370.201,
             "Actual Rows": 2,
             "Actual Loops": 1,
             "Shared Hit Blocks": 2,
             "Shared Read Blocks": 4186,
             "Shared Dirtied Blocks": 0,
             "Shared Written Blocks": 0,
             "Local Hit Blocks": 0,
             "Local Read Blocks": 0,
             "Local Dirtied Blocks": 0,
             "Local Written Blocks": 0,
             "Temp Read Blocks": 0,
             "Temp Written Blocks": 0
            }
           ],
           "Plans": [
            {
             "Node Type": "Seq Scan",
             "Parent Relationship": "Outer",
             "Parallel Aware": true,
             "Relation Name": "role",
             "Schema": "public",
             "Alias": "r",
             "Startup Cost": 0.0,
             "Total Cost": 33656.77,
             "Plan Rows": 8488,
             "Plan Width": 18,
             "Actual Startup Time": 605.568,
             "Actual Total Time": 1382.313,
             "Actual Rows": 3,
             "Actual Loops": 3,
             "Output": [
              "r.role",
              "r.id"
             ],
             "Filter": "((lower((r.role)::text) ~~ 'jesu%christ'::text) OR (lower((r.role)::text) ~~ 'jesus'::text) OR (lower((r.role)::text) = 'christ'::text))",
             "Rows Removed by Filter": 674070,
             "Shared Hit Blocks": 2,
             "Shared Read Blocks": 12590,
             "Shared Dirtied Blocks": 0,
             "Shared Written Blocks": 0,
             "Local Hit Blocks": 0,
             "Local Read Blocks": 0,
             "Local Dirtied Blocks": 0,
             "Local Written Blocks": 0,
             "Temp Read Blocks": 0,
             "Temp Written Blocks": 0,
             "Workers": [
              {
               "Worker Number": 0,
               "Actual Startup Time": 306.397,
               "Actual Total Time": 1369.928,
               "Actual Rows": 2,
               "Actual Loops": 1,
               "Shared Hit Blocks": 0,
               "Shared Read Blocks": 4152,
               "Shared Dirtied Blocks": 0,
               "Shared Written Blocks": 0,
               "Local Hit Blocks": 0,
               "Local Read Blocks": 0,
               "Local Dirtied Blocks": 0,
               "Local Written Blocks": 0,
               "Temp Read Blocks": 0,
               "Temp Written Blocks": 0
              },
              {
               "Worker Number": 1,
               "Actual Startup Time": 948.844,
               "Actual Total Time": 1370.156,
               "Actual Rows": 2,
               "Actual Loops": 1,
               "Shared Hit Blocks": 2,
               "Shared Read Blocks": 4186,
               "Shared Dirtied Blocks": 0,
               "Shared Written Blocks": 0,
               "Local Hit Blocks": 0,
               "Local Read Blocks": 0,
               "Local Dirtied Blocks": 0,
               "Local Written Blocks": 0,
               "Temp Read Blocks": 0,
               "Temp Written Blocks": 0
              }
             ]
            }
           ]
          }
         ]
        },
        {
         "Node Type": "Index Scan",
         "Parent Relationship": "Inner",
         "Parallel Aware": false,
         "Scan Direction": "Forward",
         "Index Name": "member_id_index",
         "Relation Name": "member",
         "Schema": "public",
         "Alias": "m",
         "Startup Cost": 0.43,
         "Total Cost": 0.48,
         "Plan Rows": 1,
         "Plan Width": 18,
         "Actual Startup Time": 0.013,
         "Actual Total Time": 0.013,
         "Actual Rows": 1,
         "Actual Loops": 1841,
         "Output": [
          "m.id",
          "m.name",
          "m.birthyear",
          "m.deathyear"
         ],
         "Index Cond": "(m.id = atr.actorid)",
         "Rows Removed by Index Recheck": 0,
         "Filter": "(m.deathyear IS NULL)",
         "Rows Removed by Filter": 0,
         "Shared Hit Blocks": 5841,
         "Shared Read Blocks": 1525,
         "Shared Dirtied Blocks": 0,
         "Shared Written Blocks": 0,
         "Local Hit Blocks": 0,
         "Local Read Blocks": 0,
         "Local Dirtied Blocks": 0,
         "Local Written Blocks": 0,
         "Temp Read Blocks": 0,
         "Temp Written Blocks": 0,
         "Workers": [
          {
           "Worker Number": 0,
           "Actual Startup Time": 0.016,
           "Actual Total Time": 0.016,
           "Actual Rows": 1,
           "Actual Loops": 585,
           "Shared Hit Blocks": 1835,
           "Shared Read Blocks": 506,
           "Shared Dirtied Blocks": 0,
           "Shared Written Blocks": 0,
           "Local Hit Blocks": 0,
           "Local Read Blocks": 0,
           "Local Dirtied Blocks": 0,
           "Local Written Blocks": 0,
           "Temp Read Blocks": 0,
           "Temp Written Blocks": 0
          },
          {
           "Worker Number": 1,
           "Actual Startup Time": 0.017,
           "Actual Total Time": 0.017,
           "Actual Rows": 1,
           "Actual Loops": 529,
           "Shared Hit Blocks": 1643,
           "Shared Read Blocks": 474,
           "Shared Dirtied Blocks": 0,
           "Shared Written Blocks": 0,
           "Local Hit Blocks": 0,
           "Local Read Blocks": 0,
           "Local Dirtied Blocks": 0,
           "Local Written Blocks": 0,
           "Temp Read Blocks": 0,
           "Temp Written Blocks": 0
          }
         ]
        }
       ]
      }
     ]
    }
   ]
  },
  "Planning Time": 0.342,
  "Triggers": [],
  "Execution Time": 2065.479
 }
]